INFO  11:56:31 Application started. Press Ctrl+C to shut down.
INFO  11:56:31 Application started. Press Ctrl+C to shut down.
INFO  11:56:31 Hosting environment: Development
INFO  11:56:31 Hosting environment: Development
INFO  11:56:31 Content root path: C:\Users\SELVA CELCIYA\source\repos\ClaimManagementSystem-2\ClaimsMicroservice
INFO  11:56:31 Content root path: C:\Users\SELVA CELCIYA\source\repos\ClaimManagementSystem-2\ClaimsMicroservice
INFO  12:25:31 Application started. Press Ctrl+C to shut down.
INFO  12:25:31 Application started. Press Ctrl+C to shut down.
INFO  12:25:31 Hosting environment: Development
INFO  12:25:31 Hosting environment: Development
INFO  12:25:31 Content root path: C:\Users\SELVA CELCIYA\source\repos\ClaimManagementSystem-2\ClaimsMicroservice
INFO  12:25:31 Content root path: C:\Users\SELVA CELCIYA\source\repos\ClaimManagementSystem-2\ClaimsMicroservice
INFO  05:00:50 Application started. Press Ctrl+C to shut down.
INFO  05:00:50 Application started. Press Ctrl+C to shut down.
INFO  05:00:50 Hosting environment: Development
INFO  05:00:50 Hosting environment: Development
INFO  05:00:50 Content root path: C:\Users\SELVA CELCIYA\source\repos\ClaimManagementSystem-2\ClaimsMicroservice
INFO  05:00:50 Content root path: C:\Users\SELVA CELCIYA\source\repos\ClaimManagementSystem-2\ClaimsMicroservice
INFO  05:04:49 Application started. Press Ctrl+C to shut down.
INFO  05:04:49 Application started. Press Ctrl+C to shut down.
INFO  05:04:49 Hosting environment: Development
INFO  05:04:49 Hosting environment: Development
INFO  05:04:49 Content root path: C:\Users\SELVA CELCIYA\source\repos\ClaimManagementSystem-2\ClaimsMicroservice
INFO  05:04:49 Content root path: C:\Users\SELVA CELCIYA\source\repos\ClaimManagementSystem-2\ClaimsMicroservice
INFO  05:11:26 Application started. Press Ctrl+C to shut down.
INFO  05:11:26 Application started. Press Ctrl+C to shut down.
INFO  05:11:26 Hosting environment: Development
INFO  05:11:26 Hosting environment: Development
INFO  05:11:26 Content root path: C:\Users\SELVA CELCIYA\source\repos\ClaimManagementSystem-2\ClaimsMicroservice
INFO  05:11:26 Content root path: C:\Users\SELVA CELCIYA\source\repos\ClaimManagementSystem-2\ClaimsMicroservice
INFO  05:16:51 Application started. Press Ctrl+C to shut down.
INFO  05:16:51 Application started. Press Ctrl+C to shut down.
INFO  05:16:51 Hosting environment: Development
INFO  05:16:51 Hosting environment: Development
INFO  05:16:51 Content root path: C:\Users\SELVA CELCIYA\source\repos\ClaimManagementSystem-2\ClaimsMicroservice
INFO  05:16:51 Content root path: C:\Users\SELVA CELCIYA\source\repos\ClaimManagementSystem-2\ClaimsMicroservice
INFO  10:07:02 Application started. Press Ctrl+C to shut down.
INFO  10:07:02 Application started. Press Ctrl+C to shut down.
INFO  10:07:02 Hosting environment: Development
INFO  10:07:02 Hosting environment: Development
INFO  10:07:02 Content root path: C:\Users\SELVA CELCIYA\source\repos\ClaimManagementSystem-2\ClaimsMicroservice
INFO  10:07:02 Content root path: C:\Users\SELVA CELCIYA\source\repos\ClaimManagementSystem-2\ClaimsMicroservice
INFO  10:11:46 GetClaimStatus Method Called
INFO  10:11:51 GetClaimStatus Method Called
INFO  10:12:35 GetClaimStatus Method Called
INFO  10:12:59 GetClaimStatus Method Called
INFO  10:13:51 GetClaimStatus Method Called
INFO  10:14:13 GetClaimStatus Method Called
INFO  10:26:42 GetClaimStatus Method Called
INFO  10:26:51 GetClaimStatus Method Called
INFO  10:30:31 Application started. Press Ctrl+C to shut down.
INFO  10:30:31 Application started. Press Ctrl+C to shut down.
INFO  10:30:31 Hosting environment: Development
INFO  10:30:31 Hosting environment: Development
INFO  10:30:31 Content root path: C:\Users\SELVA CELCIYA\source\repos\ClaimManagementSystem-2\ClaimsMicroservice
INFO  10:30:31 Content root path: C:\Users\SELVA CELCIYA\source\repos\ClaimManagementSystem-2\ClaimsMicroservice
INFO  11:56:10 GetClaimStatus Method Called
INFO  11:56:37 GetClaimStatus Method Called
INFO  11:56:48 GetClaimStatus Method Called
INFO  03:42:55 Application started. Press Ctrl+C to shut down.
INFO  03:42:55 Application started. Press Ctrl+C to shut down.
INFO  03:42:55 Hosting environment: Development
INFO  03:42:55 Hosting environment: Development
INFO  03:42:55 Content root path: C:\Users\SELVA CELCIYA\source\repos\ClaimManagementSystem-2\ClaimsMicroservice
INFO  03:42:55 Content root path: C:\Users\SELVA CELCIYA\source\repos\ClaimManagementSystem-2\ClaimsMicroservice
INFO  03:59:22 GetClaimStatus Method Called
INFO  09:25:55 Application started. Press Ctrl+C to shut down.
INFO  09:25:55 Application started. Press Ctrl+C to shut down.
INFO  09:25:55 Hosting environment: Development
INFO  09:25:55 Hosting environment: Development
INFO  09:25:55 Content root path: C:\Users\SELVA CELCIYA\source\repos\ClaimManagementSystem-2\ClaimsMicroservice
INFO  09:25:55 Content root path: C:\Users\SELVA CELCIYA\source\repos\ClaimManagementSystem-2\ClaimsMicroservice
INFO  09:30:24 SubmitClaim Method Called
INFO  09:30:36 GetClaimStatus Method Called
INFO  09:30:49 GetClaimStatus Method Called
INFO  03:20:58 Application started. Press Ctrl+C to shut down.
INFO  03:20:58 Application started. Press Ctrl+C to shut down.
INFO  03:20:58 Hosting environment: Development
INFO  03:20:58 Hosting environment: Development
INFO  03:20:58 Content root path: C:\Users\SELVA CELCIYA\source\repos\ClaimManagementSystem-2\ClaimsMicroservice
INFO  03:20:58 Content root path: C:\Users\SELVA CELCIYA\source\repos\ClaimManagementSystem-2\ClaimsMicroservice
